#
# There is insufficient memory for the Java Runtime Environment to continue.
# Native memory allocation (mmap) failed to map 65536 bytes for Failed to commit metaspace.
# Possible reasons:
#   The system is out of physical RAM or swap space
#   The process is running with CompressedOops enabled, and the Java Heap may be blocking the growth of the native heap
# Possible solutions:
#   Reduce memory load on the system
#   Increase physical memory or swap space
#   Check if swap backing store is full
#   Decrease Java heap size (-Xmx/-Xms)
#   Decrease number of Java threads
#   Decrease Java thread stack sizes (-Xss)
#   Set larger code cache with -XX:ReservedCodeCacheSize=
#   JVM is running with Unscaled Compressed Oops mode in which the Java heap is
#     placed in the first 4GB address space. The Java Heap base address is the
#     maximum limit for the native heap growth. Please use -XX:HeapBaseMinAddress
#     to set the Java Heap base and to place the Java Heap above 4GB virtual address.
# This output file may be truncated or incomplete.
#
#  Out of Memory Error (virtualSpaceNode.cpp:110), pid=15100, tid=7656
#
# JRE version: Java(TM) SE Runtime Environment (17.0.2+8) (build 17.0.2+8-LTS-86)
# Java VM: Java HotSpot(TM) 64-Bit Server VM (17.0.2+8-LTS-86, mixed mode, sharing, tiered, compressed oops, compressed class ptrs, g1 gc, windows-amd64)
# No core dump will be written. Minidumps are not enabled by default on client versions of Windows
#

---------------  S U M M A R Y ------------

Command Line: -Dfile.encoding=UTF-8 --module-path=C:\Users\hp\Desktop\P6-GroupAssignment\CSCUMP6-Assignment\build\classes SAAMS.Main

Host: Intel(R) Core(TM) i5-8265U CPU @ 1.60GHz, 8 cores, 3G,  Windows 10 , 64 bit Build 19041 (10.0.19041.1023)
Time: Tue Mar  1 01:02:24 2022 Arabian Standard Time elapsed time: 0.069130 seconds (0d 0h 0m 0s)

---------------  T H R E A D  ---------------

Current thread (0x00000214f46ac1b0):  JavaThread "C1 CompilerThread0" daemon [_thread_in_vm, id=7656, stack(0x00000085d4500000,0x00000085d4600000)]


Current CompileTask:
C1:     69   94       3       java.util.HashMap::getNode (150 bytes)

Stack: [0x00000085d4500000,0x00000085d4600000]
Native frames: (J=compiled Java code, j=interpreted, Vv=VM code, C=native code)
V  [jvm.dll+0x670baa]
V  [jvm.dll+0x7cfcb4]
V  [jvm.dll+0x7d145e]
V  [jvm.dll+0x7d1ac3]
V  [jvm.dll+0x242bc5]
V  [jvm.dll+0x7cbc5b]
V  [jvm.dll+0x616966]
V  [jvm.dll+0x6169ca]
V  [jvm.dll+0x6191da]
V  [jvm.dll+0x617306]
V  [jvm.dll+0x62846a]
V  [jvm.dll+0x62127a]
V  [jvm.dll+0x1ca2c0]
V  [jvm.dll+0x1ca4af]
V  [jvm.dll+0x13203e]
V  [jvm.dll+0x132366]
V  [jvm.dll+0x1317fa]
V  [jvm.dll+0x1334c1]
V  [jvm.dll+0x224908]
V  [jvm.dll+0x222a6c]
V  [jvm.dll+0x7859bb]
V  [jvm.dll+0x77ff7a]
V  [jvm.dll+0x66fa35]
C  [ucrtbase.dll+0x21bb2]
C  [KERNEL32.DLL+0x17034]
C  [ntdll.dll+0x52651]


---------------  P R O C E S S  ---------------

Threads class SMR info:
_java_thread_list=0x00000214f5175b30, length=11, elements={
0x00000214d8c2afc0, 0x00000214f468bca0, 0x00000214f468ee30, 0x00000214f46a36e0,
0x00000214f46a41a0, 0x00000214f46a6a70, 0x00000214f46a7330, 0x00000214f46a8fe0,
0x00000214f46ac1b0, 0x00000214f46ba3f0, 0x00000214d8d0a900
}

Java Threads: ( => current thread )
  0x00000214d8c2afc0 JavaThread "main" [_thread_in_vm, id=16684, stack(0x00000085d3700000,0x00000085d3800000)]
  0x00000214f468bca0 JavaThread "Reference Handler" daemon [_thread_blocked, id=3444, stack(0x00000085d3e00000,0x00000085d3f00000)]
  0x00000214f468ee30 JavaThread "Finalizer" daemon [_thread_blocked, id=17948, stack(0x00000085d3f00000,0x00000085d4000000)]
  0x00000214f46a36e0 JavaThread "Signal Dispatcher" daemon [_thread_blocked, id=18216, stack(0x00000085d4000000,0x00000085d4100000)]
  0x00000214f46a41a0 JavaThread "Attach Listener" daemon [_thread_blocked, id=15560, stack(0x00000085d4100000,0x00000085d4200000)]
  0x00000214f46a6a70 JavaThread "Service Thread" daemon [_thread_blocked, id=4184, stack(0x00000085d4200000,0x00000085d4300000)]
  0x00000214f46a7330 JavaThread "Monitor Deflation Thread" daemon [_thread_blocked, id=14348, stack(0x00000085d4300000,0x00000085d4400000)]
  0x00000214f46a8fe0 JavaThread "C2 CompilerThread0" daemon [_thread_blocked, id=12508, stack(0x00000085d4400000,0x00000085d4500000)]
=>0x00000214f46ac1b0 JavaThread "C1 CompilerThread0" daemon [_thread_in_vm, id=7656, stack(0x00000085d4500000,0x00000085d4600000)]
  0x00000214f46ba3f0 JavaThread "Sweeper thread" daemon [_thread_blocked, id=7044, stack(0x00000085d4600000,0x00000085d4700000)]
  0x00000214d8d0a900 JavaThread "Common-Cleaner" daemon [_thread_blocked, id=16464, stack(0x00000085d4700000,0x00000085d4800000)]

Other Threads:
  0x00000214f4687990 VMThread "VM Thread" [stack: 0x00000085d3d00000,0x00000085d3e00000] [id=17724]
  0x00000214d8c58f80 GCTaskThread "GC Thread#0" [stack: 0x00000085d3800000,0x00000085d3900000] [id=16956]
  0x00000214d8c63a70 ConcurrentGCThread "G1 Main Marker" [stack: 0x00000085d3900000,0x00000085d3a00000] [id=18044]
  0x00000214d8c64390 ConcurrentGCThread "G1 Conc#0" [stack: 0x00000085d3a00000,0x00000085d3b00000] [id=17704]
  0x00000214d8cf7b00 ConcurrentGCThread "G1 Refine#0" [stack: 0x00000085d3b00000,0x00000085d3c00000] [id=2924]
  0x00000214d8cf8430 ConcurrentGCThread "G1 Service" [stack: 0x00000085d3c00000,0x00000085d3d00000] [id=16872]

Threads with active compile tasks:
C1 CompilerThread0      100   94       3       java.util.HashMap::getNode (150 bytes)

VM state: not at safepoint (normal execution)

VM Mutex/Monitor currently owned by a thread:  ([mutex/lock_event])
[0x00000214d8c25730] Metaspace_lock - owner thread: 0x00000214f46ac1b0
[0x00000214d8c28130] MethodData_lock - owner thread: 0x00000214f46ac1b0

Heap address: 0x00000000c1c00000, size: 996 MB, Compressed Oops mode: 32-bit

CDS archive(s) mapped at: [0x0000000800000000-0x0000000800bc0000-0x0000000800bc0000), size 12320768, SharedBaseAddress: 0x0000000800000000, ArchiveRelocationMode: 0.
Compressed class space mapped at: 0x0000000800c00000-0x0000000840c00000, reserved size: 1073741824
Narrow klass base: 0x0000000800000000, Narrow klass shift: 0, Narrow klass range: 0x100000000

GC Precious Log:
 CPUs: 8 total, 8 available
 Memory: 3982M
 Large Page Support: Disabled
 NUMA Support: Disabled
 Compressed Oops: Enabled (32-bit)
 Heap Region Size: 1M
 Heap Min Capacity: 8M
 Heap Initial Capacity: 64M
 Heap Max Capacity: 996M
 Pre-touch: Disabled
 Parallel Workers: 8
 Concurrent Workers: 2
 Concurrent Refinement Workers: 8
 Periodic GC: Disabled

Heap:
 garbage-first heap   total 65536K, used 1024K [0x00000000c1c00000, 0x0000000100000000)
  region size 1024K, 2 young (2048K), 0 survivors (0K)
 Metaspace       used 199K, committed 384K, reserved 1056768K
  class space    used 7K, committed 128K, reserved 1048576K

Heap Regions: E=young(eden), S=young(survivor), O=old, HS=humongous(starts), HC=humongous(continues), CS=collection set, F=free, OA=open archive, CA=closed archive, TAMS=top-at-mark-start (previous, next)
|   0|0x00000000c1c00000, 0x00000000c1c00000, 0x00000000c1d00000|  0%| F|  |TAMS 0x00000000c1c00000, 0x00000000c1c00000| Untracked 
|   1|0x00000000c1d00000, 0x00000000c1d00000, 0x00000000c1e00000|  0%| F|  |TAMS 0x00000000c1d00000, 0x00000000c1d00000| Untracked 
|   2|0x00000000c1e00000, 0x00000000c1e00000, 0x00000000c1f00000|  0%| F|  |TAMS 0x00000000c1e00000, 0x00000000c1e00000| Untracked 
|   3|0x00000000c1f00000, 0x00000000c1f00000, 0x00000000c2000000|  0%| F|  |TAMS 0x00000000c1f00000, 0x00000000c1f00000| Untracked 
|   4|0x00000000c2000000, 0x00000000c2000000, 0x00000000c2100000|  0%| F|  |TAMS 0x00000000c2000000, 0x00000000c2000000| Untracked 
|   5|0x00000000c2100000, 0x00000000c2100000, 0x00000000c2200000|  0%| F|  |TAMS 0x00000000c2100000, 0x00000000c2100000| Untracked 
|   6|0x00000000c2200000, 0x00000000c2200000, 0x00000000c2300000|  0%| F|  |TAMS 0x00000000c2200000, 0x00000000c2200000| Untracked 
|   7|0x00000000c2300000, 0x00000000c2300000, 0x00000000c2400000|  0%| F|  |TAMS 0x00000000c2300000, 0x00000000c2300000| Untracked 
|   8|0x00000000c2400000, 0x00000000c2400000, 0x00000000c2500000|  0%| F|  |TAMS 0x00000000c2400000, 0x00000000c2400000| Untracked 
|   9|0x00000000c2500000, 0x00000000c2500000, 0x00000000c2600000|  0%| F|  |TAMS 0x00000000c2500000, 0x00000000c2500000| Untracked 
|  10|0x00000000c2600000, 0x00000000c2600000, 0x00000000c2700000|  0%| F|  |TAMS 0x00000000c2600000, 0x00000000c2600000| Untracked 
|  11|0x00000000c2700000, 0x00000000c2700000, 0x00000000c2800000|  0%| F|  |TAMS 0x00000000c2700000, 0x00000000c2700000| Untracked 
|  12|0x00000000c2800000, 0x00000000c2800000, 0x00000000c2900000|  0%| F|  |TAMS 0x00000000c2800000, 0x00000000c2800000| Untracked 
|  13|0x00000000c2900000, 0x00000000c2900000, 0x00000000c2a00000|  0%| F|  |TAMS 0x00000000c2900000, 0x00000000c2900000| Untracked 
|  14|0x00000000c2a00000, 0x00000000c2a00000, 0x00000000c2b00000|  0%| F|  |TAMS 0x00000000c2a00000, 0x00000000c2a00000| Untracked 
|  15|0x00000000c2b00000, 0x00000000c2b00000, 0x00000000c2c00000|  0%| F|  |TAMS 0x00000000c2b00000, 0x00000000c2b00000| Untracked 
|  16|0x00000000c2c00000, 0x00000000c2c00000, 0x00000000c2d00000|  0%| F|  |TAMS 0x00000000c2c00000, 0x00000000c2c00000| Untracked 
|  17|0x00000000c2d00000, 0x00000000c2d00000, 0x00000000c2e00000|  0%| F|  |TAMS 0x00000000c2d00000, 0x00000000c2d00000| Untracked 
|  18|0x00000000c2e00000, 0x00000000c2e00000, 0x00000000c2f00000|  0%| F|  |TAMS 0x00000000c2e00000, 0x00000000c2e00000| Untracked 
|  19|0x00000000c2f00000, 0x00000000c2f00000, 0x00000000c3000000|  0%| F|  |TAMS 0x00000000c2f00000, 0x00000000c2f00000| Untracked 
|  20|0x00000000c3000000, 0x00000000c3000000, 0x00000000c3100000|  0%| F|  |TAMS 0x00000000c3000000, 0x00000000c3000000| Untracked 
|  21|0x00000000c3100000, 0x00000000c3100000, 0x00000000c3200000|  0%| F|  |TAMS 0x00000000c3100000, 0x00000000c3100000| Untracked 
|  22|0x00000000c3200000, 0x00000000c3200000, 0x00000000c3300000|  0%| F|  |TAMS 0x00000000c3200000, 0x00000000c3200000| Untracked 
|  23|0x00000000c3300000, 0x00000000c3300000, 0x00000000c3400000|  0%| F|  |TAMS 0x00000000c3300000, 0x00000000c3300000| Untracked 
|  24|0x00000000c3400000, 0x00000000c3400000, 0x00000000c3500000|  0%| F|  |TAMS 0x00000000c3400000, 0x00000000c3400000| Untracked 
|  25|0x00000000c3500000, 0x00000000c3500000, 0x00000000c3600000|  0%| F|  |TAMS 0x00000000c3500000, 0x00000000c3500000| Untracked 
|  26|0x00000000c3600000, 0x00000000c3600000, 0x00000000c3700000|  0%| F|  |TAMS 0x00000000c3600000, 0x00000000c3600000| Untracked 
|  27|0x00000000c3700000, 0x00000000c3700000, 0x00000000c3800000|  0%| F|  |TAMS 0x00000000c3700000, 0x00000000c3700000| Untracked 
|  28|0x00000000c3800000, 0x00000000c3800000, 0x00000000c3900000|  0%| F|  |TAMS 0x00000000c3800000, 0x00000000c3800000| Untracked 
|  29|0x00000000c3900000, 0x00000000c3900000, 0x00000000c3a00000|  0%| F|  |TAMS 0x00000000c3900000, 0x00000000c3900000| Untracked 
|  30|0x00000000c3a00000, 0x00000000c3a00000, 0x00000000c3b00000|  0%| F|  |TAMS 0x00000000c3a00000, 0x00000000c3a00000| Untracked 
|  31|0x00000000c3b00000, 0x00000000c3b00000, 0x00000000c3c00000|  0%| F|  |TAMS 0x00000000c3b00000, 0x00000000c3b00000| Untracked 
|  32|0x00000000c3c00000, 0x00000000c3c00000, 0x00000000c3d00000|  0%| F|  |TAMS 0x00000000c3c00000, 0x00000000c3c00000| Untracked 
|  33|0x00000000c3d00000, 0x00000000c3d00000, 0x00000000c3e00000|  0%| F|  |TAMS 0x00000000c3d00000, 0x00000000c3d00000| Untracked 
|  34|0x00000000c3e00000, 0x00000000c3e00000, 0x00000000c3f00000|  0%| F|  |TAMS 0x00000000c3e00000, 0x00000000c3e00000| Untracked 
|  35|0x00000000c3f00000, 0x00000000c3f00000, 0x00000000c4000000|  0%| F|  |TAMS 0x00000000c3f00000, 0x00000000c3f00000| Untracked 
|  36|0x00000000c4000000, 0x00000000c4000000, 0x00000000c4100000|  0%| F|  |TAMS 0x00000000c4000000, 0x00000000c4000000| Untracked 
|  37|0x00000000c4100000, 0x00000000c4100000, 0x00000000c4200000|  0%| F|  |TAMS 0x00000000c4100000, 0x00000000c4100000| Untracked 
|  38|0x00000000c4200000, 0x00000000c4200000, 0x00000000c4300000|  0%| F|  |TAMS 0x00000000c4200000, 0x00000000c4200000| Untracked 
|  39|0x00000000c4300000, 0x00000000c4300000, 0x00000000c4400000|  0%| F|  |TAMS 0x00000000c4300000, 0x00000000c4300000| Untracked 
|  40|0x00000000c4400000, 0x00000000c4400000, 0x00000000c4500000|  0%| F|  |TAMS 0x00000000c4400000, 0x00000000c4400000| Untracked 
|  41|0x00000000c4500000, 0x00000000c4500000, 0x00000000c4600000|  0%| F|  |TAMS 0x00000000c4500000, 0x00000000c4500000| Untracked 
|  42|0x00000000c4600000, 0x00000000c4600000, 0x00000000c4700000|  0%| F|  |TAMS 0x00000000c4600000, 0x00000000c4600000| Untracked 
|  43|0x00000000c4700000, 0x00000000c4700000, 0x00000000c4800000|  0%| F|  |TAMS 0x00000000c4700000, 0x00000000c4700000| Untracked 
|  44|0x00000000c4800000, 0x00000000c4800000, 0x00000000c4900000|  0%| F|  |TAMS 0x00000000c4800000, 0x00000000c4800000| Untracked 
|  45|0x00000000c4900000, 0x00000000c4900000, 0x00000000c4a00000|  0%| F|  |TAMS 0x00000000c4900000, 0x00000000c4900000| Untracked 
|  46|0x00000000c4a00000, 0x00000000c4a00000, 0x00000000c4b00000|  0%| F|  |TAMS 0x00000000c4a00000, 0x00000000c4a00000| Untracked 
|  47|0x00000000c4b00000, 0x00000000c4b00000, 0x00000000c4c00000|  0%| F|  |TAMS 0x00000000c4b00000, 0x00000000c4b00000| Untracked 
|  48|0x00000000c4c00000, 0x00000000c4c00000, 0x00000000c4d00000|  0%| F|  |TAMS 0x00000000c4c00000, 0x00000000c4c00000| Untracked 
|  49|0x00000000c4d00000, 0x00000000c4d00000, 0x00000000c4e00000|  0%| F|  |TAMS 0x00000000c4d00000, 0x00000000c4d00000| Untracked 
|  50|0x00000000c4e00000, 0x00000000c4e00000, 0x00000000c4f00000|  0%| F|  |TAMS 0x00000000c4e00000, 0x00000000c4e00000| Untracked 
|  51|0x00000000c4f00000, 0x00000000c4f00000, 0x00000000c5000000|  0%| F|  |TAMS 0x00000000c4f00000, 0x00000000c4f00000| Untracked 
|  52|0x00000000c5000000, 0x00000000c5000000, 0x00000000c5100000|  0%| F|  |TAMS 0x00000000c5000000, 0x00000000c5000000| Untracked 
|  53|0x00000000c5100000, 0x00000000c5100000, 0x00000000c5200000|  0%| F|  |TAMS 0x00000000c5100000, 0x00000000c5100000| Untracked 
|  54|0x00000000c5200000, 0x00000000c5200000, 0x00000000c5300000|  0%| F|  |TAMS 0x00000000c5200000, 0x00000000c5200000| Untracked 
|  55|0x00000000c5300000, 0x00000000c5300000, 0x00000000c5400000|  0%| F|  |TAMS 0x00000000c5300000, 0x00000000c5300000| Untracked 
|  56|0x00000000c5400000, 0x00000000c5400000, 0x00000000c5500000|  0%| F|  |TAMS 0x00000000c5400000, 0x00000000c5400000| Untracked 
|  57|0x00000000c5500000, 0x00000000c5500000, 0x00000000c5600000|  0%| F|  |TAMS 0x00000000c5500000, 0x00000000c5500000| Untracked 
|  58|0x00000000c5600000, 0x00000000c5600000, 0x00000000c5700000|  0%| F|  |TAMS 0x00000000c5600000, 0x00000000c5600000| Untracked 
|  59|0x00000000c5700000, 0x00000000c5700000, 0x00000000c5800000|  0%| F|  |TAMS 0x00000000c5700000, 0x00000000c5700000| Untracked 
|  60|0x00000000c5800000, 0x00000000c5800000, 0x00000000c5900000|  0%| F|  |TAMS 0x00000000c5800000, 0x00000000c5800000| Untracked 
|  61|0x00000000c5900000, 0x00000000c5900000, 0x00000000c5a00000|  0%| F|  |TAMS 0x00000000c5900000, 0x00000000c5900000| Untracked 
|  62|0x00000000c5a00000, 0x00000000c5a76458, 0x00000000c5b00000| 46%| E|  |TAMS 0x00000000c5a00000, 0x00000000c5a00000| Complete 
|  63|0x00000000c5b00000, 0x00000000c5c00000, 0x00000000c5c00000|100%| E|CS|TAMS 0x00000000c5b00000, 0x00000000c5b00000| Complete 

Card table byte_map: [0x00000214ef9c0000,0x00000214efbc0000] _byte_map_base: 0x00000214ef3b2000

Marking Bits (Prev, Next): (CMBitMap*) 0x00000214d8c5b4c0, (CMBitMap*) 0x00000214d8c5b500
 Prev Bits: [0x00000214efdc0000, 0x00000214f0d50000)
 Next Bits: [0x00000214f0d50000, 0x00000214f1ce0000)

Polling page: 0x00000214d6c30000

Metaspace:

Usage:
  Non-class:    192.30 KB used.
      Class:      7.05 KB used.
       Both:    199.35 KB used.

Virtual space:
  Non-class space:        8.00 MB reserved,     256.00 KB (  3%) committed,  1 nodes.
      Class space:        1.00 GB reserved,     128.00 KB ( <1%) committed,  1 nodes.
             Both:        1.01 GB reserved,     384.00 KB ( <1%) committed. 

Chunk freelists:
   Non-Class:  4.00 MB
       Class:  3.75 MB
        Both:  7.75 MB

MaxMetaspaceSize: unlimited
CompressedClassSpaceSize: 1.00 GB
Initial GC threshold: 21.00 MB
Current GC threshold: 21.00 MB
CDS: on
MetaspaceReclaimPolicy: balanced
 - commit_granule_bytes: 65536.
 - commit_granule_words: 8192.
 - virtual_space_node_default_size: 1048576.
 - enlarge_chunks_in_place: 1.
 - new_chunks_are_fully_committed: 0.
 - uncommit_free_chunks: 1.
 - use_allocation_guard: 0.
 - handle_deallocations: 1.


Internal statistics:

num_allocs_failed_limit: 0.
num_arena_births: 4.
num_arena_deaths: 0.
num_vsnodes_births: 2.
num_vsnodes_deaths: 0.
num_space_committed: 6.
num_space_uncommitted: 0.
num_chunks_returned_to_freelist: 0.
num_chunks_taken_from_freelist: 5.
num_chunk_merges: 0.
num_chunk_splits: 2.
num_chunks_enlarged: 1.
num_purges: 0.
num_inconsistent_stats: 0.

CodeHeap 'non-profiled nmethods': size=120000Kb used=29Kb max_used=29Kb free=119971Kb
 bounds [0x00000214e7f60000, 0x00000214e81d0000, 0x00000214ef490000]
CodeHeap 'profiled nmethods': size=120000Kb used=87Kb max_used=87Kb free=119912Kb
 bounds [0x00000214e0a30000, 0x00000214e0ca0000, 0x00000214e7f60000]
CodeHeap 'non-nmethods': size=5760Kb used=1075Kb max_used=1075Kb free=4684Kb
 bounds [0x00000214e0490000, 0x00000214e0700000, 0x00000214e0a30000]
 total_blobs=431 nmethods=89 adapters=255
 compilation: enabled
              stopped_count=0, restarted_count=0
 full_count=0

Compilation events (20 events):
Event: 0.055 Thread 0x00000214f46ac1b0 nmethod 77 0x00000214e0a42f10 code [0x00000214e0a430a0, 0x00000214e0a43258]
Event: 0.055 Thread 0x00000214f46ac1b0   81       1       java.lang.invoke.MethodHandle::type (5 bytes)
Event: 0.055 Thread 0x00000214f46ac1b0 nmethod 81 0x00000214e7f66b10 code [0x00000214e7f66ca0, 0x00000214e7f66d78]
Event: 0.056 Thread 0x00000214f46ac1b0   82       1       java.util.stream.FindOps$FindSink::cancellationRequested (5 bytes)
Event: 0.056 Thread 0x00000214f46ac1b0 nmethod 82 0x00000214e7f66e10 code [0x00000214e7f66fa0, 0x00000214e7f67078]
Event: 0.056 Thread 0x00000214f46ac1b0   83       3       java.util.ImmutableCollections$SetN$SetNIterator::hasNext (13 bytes)
Event: 0.056 Thread 0x00000214f46ac1b0 nmethod 83 0x00000214e0a43310 code [0x00000214e0a434a0, 0x00000214e0a43618]
Event: 0.057 Thread 0x00000214f46ac1b0   85       3       java.util.stream.PipelineHelper::<init> (5 bytes)
Event: 0.057 Thread 0x00000214f46ac1b0 nmethod 85 0x00000214e0a43690 code [0x00000214e0a43820, 0x00000214e0a43978]
Event: 0.057 Thread 0x00000214f46ac1b0   84       1       java.util.stream.ReferencePipeline$StatelessOp::opIsStateful (2 bytes)
Event: 0.057 Thread 0x00000214f46ac1b0 nmethod 84 0x00000214e7f67110 code [0x00000214e7f672a0, 0x00000214e7f67378]
Event: 0.057 Thread 0x00000214f46ac1b0   86       3       java.util.stream.StreamOpFlag::combineOpFlags (9 bytes)
Event: 0.057 Thread 0x00000214f46ac1b0 nmethod 86 0x00000214e0a43a10 code [0x00000214e0a43ba0, 0x00000214e0a43d58]
Event: 0.057 Thread 0x00000214f46ac1b0   88       3       java.util.HashMap::putVal (300 bytes)
Event: 0.058 Thread 0x00000214f46ac1b0 nmethod 88 0x00000214e0a43e10 code [0x00000214e0a440c0, 0x00000214e0a45138]
Event: 0.058 Thread 0x00000214f46ac1b0   87       3       java.util.stream.StreamOpFlag::getMask (30 bytes)
Event: 0.058 Thread 0x00000214f46ac1b0 nmethod 87 0x00000214e0a45610 code [0x00000214e0a457a0, 0x00000214e0a45918]
Event: 0.058 Thread 0x00000214f46ac1b0   89       3       java.util.stream.Sink$ChainedReference::cancellationRequested (10 bytes)
Event: 0.058 Thread 0x00000214f46ac1b0 nmethod 89 0x00000214e0a45990 code [0x00000214e0a45b40, 0x00000214e0a45d08]
Event: 0.058 Thread 0x00000214f46ac1b0   94       3       java.util.HashMap::getNode (150 bytes)

GC Heap History (0 events):
No events

Deoptimization events (0 events):
No events

Classes unloaded (0 events):
No events

Classes redefined (0 events):
No events

Internal exceptions (0 events):
No events

VM Operations (0 events):
No events

Events (19 events):
Event: 0.005 Loaded shared library C:\Program Files\Java\jdk-17.0.2\bin\java.dll
Event: 0.013 Loaded shared library C:\Program Files\Java\jdk-17.0.2\bin\jsvml.dll
Event: 0.013 Thread 0x00000214d8c2afc0 Thread added: 0x00000214d8c2afc0
Event: 0.017 Thread 0x00000214f468bca0 Thread added: 0x00000214f468bca0
Event: 0.017 Thread 0x00000214f468ee30 Thread added: 0x00000214f468ee30
Event: 0.027 loading class sun/nio/cs/MS1256
Event: 0.028 loading class sun/nio/cs/MS1256 done
Event: 0.028 loading class sun/nio/cs/MS1256$Holder
Event: 0.029 loading class sun/nio/cs/MS1256$Holder done
Event: 0.030 loading class sun/nio/cs/UTF_8$Encoder
Event: 0.030 loading class sun/nio/cs/UTF_8$Encoder done
Event: 0.031 Thread 0x00000214f46a36e0 Thread added: 0x00000214f46a36e0
Event: 0.031 Thread 0x00000214f46a41a0 Thread added: 0x00000214f46a41a0
Event: 0.031 Thread 0x00000214f46a6a70 Thread added: 0x00000214f46a6a70
Event: 0.031 Thread 0x00000214f46a7330 Thread added: 0x00000214f46a7330
Event: 0.031 Thread 0x00000214f46a8fe0 Thread added: 0x00000214f46a8fe0
Event: 0.031 Thread 0x00000214f46ac1b0 Thread added: 0x00000214f46ac1b0
Event: 0.031 Thread 0x00000214f46ba3f0 Thread added: 0x00000214f46ba3f0
Event: 0.050 Thread 0x00000214d8d0a900 Thread added: 0x00000214d8d0a900


Dynamic libraries:
0x00007ff7204c0000 - 0x00007ff7204d0000 	C:\Program Files\Java\jdk-17.0.2\bin\java.exe
0x00007ffed73f0000 - 0x00007ffed75e5000 	C:\Windows\SYSTEM32\ntdll.dll
0x00007ffed5fa0000 - 0x00007ffed605d000 	C:\Windows\System32\KERNEL32.DLL
0x00007ffed4b60000 - 0x00007ffed4e29000 	C:\Windows\System32\KERNELBASE.dll
0x00007ffed5160000 - 0x00007ffed5260000 	C:\Windows\System32\ucrtbase.dll
0x00007ffea1c40000 - 0x00007ffea1c5a000 	C:\Program Files\Java\jdk-17.0.2\bin\VCRUNTIME140.dll
0x00007ffeceeb0000 - 0x00007ffeceec8000 	C:\Program Files\Java\jdk-17.0.2\bin\jli.dll
0x00007ffed5560000 - 0x00007ffed560c000 	C:\Windows\System32\ADVAPI32.dll
0x00007ffed6e10000 - 0x00007ffed6eae000 	C:\Windows\System32\msvcrt.dll
0x00007ffed5c00000 - 0x00007ffed5c9b000 	C:\Windows\System32\sechost.dll
0x00007ffed5a40000 - 0x00007ffed5b6a000 	C:\Windows\System32\RPCRT4.dll
0x00007ffed7090000 - 0x00007ffed7230000 	C:\Windows\System32\USER32.dll
0x00007ffed4f90000 - 0x00007ffed4fb2000 	C:\Windows\System32\win32u.dll
0x00007ffebc070000 - 0x00007ffebc30a000 	C:\Windows\WinSxS\amd64_microsoft.windows.common-controls_6595b64144ccf1df_6.0.19041.1110_none_60b5254171f9507e\COMCTL32.dll
0x00007ffed7240000 - 0x00007ffed726a000 	C:\Windows\System32\GDI32.dll
0x00007ffed5260000 - 0x00007ffed536b000 	C:\Windows\System32\gdi32full.dll
0x00007ffed4fc0000 - 0x00007ffed505d000 	C:\Windows\System32\msvcp_win.dll
0x00007ffecdd40000 - 0x00007ffecdd4a000 	C:\Windows\SYSTEM32\VERSION.dll
0x00007ffed54d0000 - 0x00007ffed5500000 	C:\Windows\System32\IMM32.DLL
0x00007ffeb3cd0000 - 0x00007ffeb3cdc000 	C:\Program Files\Java\jdk-17.0.2\bin\vcruntime140_1.dll
0x00007ffe85df0000 - 0x00007ffe85e7d000 	C:\Program Files\Java\jdk-17.0.2\bin\msvcp140.dll
0x00007ffe7f8b0000 - 0x00007ffe80471000 	C:\Program Files\Java\jdk-17.0.2\bin\server\jvm.dll
0x00007ffed7230000 - 0x00007ffed7238000 	C:\Windows\System32\PSAPI.DLL
0x00007ffebb770000 - 0x00007ffebb797000 	C:\Windows\SYSTEM32\WINMM.dll
0x00007ffeb7440000 - 0x00007ffeb7449000 	C:\Windows\SYSTEM32\WSOCK32.dll
0x00007ffed6c90000 - 0x00007ffed6cfb000 	C:\Windows\System32\WS2_32.dll
0x00007ffed3440000 - 0x00007ffed3452000 	C:\Windows\SYSTEM32\kernel.appcore.dll
0x00007ffeb26c0000 - 0x00007ffeb26ca000 	C:\Program Files\Java\jdk-17.0.2\bin\jimage.dll
0x00007ffed30b0000 - 0x00007ffed3294000 	C:\Windows\SYSTEM32\DBGHELP.DLL
0x00007ffeb6760000 - 0x00007ffeb678c000 	C:\Windows\SYSTEM32\dbgcore.DLL
0x00007ffed53d0000 - 0x00007ffed5453000 	C:\Windows\System32\bcryptPrimitives.dll
0x00007ffea12f0000 - 0x00007ffea1315000 	C:\Program Files\Java\jdk-17.0.2\bin\java.dll
0x00007ffe86010000 - 0x00007ffe860e6000 	C:\Program Files\Java\jdk-17.0.2\bin\jsvml.dll
0x00007ffed6060000 - 0x00007ffed679f000 	C:\Windows\System32\SHELL32.dll
0x00007ffed2910000 - 0x00007ffed30a1000 	C:\Windows\SYSTEM32\windows.storage.dll
0x00007ffed56e0000 - 0x00007ffed5a35000 	C:\Windows\System32\combase.dll
0x00007ffed45a0000 - 0x00007ffed45cc000 	C:\Windows\SYSTEM32\Wldp.dll
0x00007ffed6d60000 - 0x00007ffed6e0e000 	C:\Windows\System32\SHCORE.dll
0x00007ffed5500000 - 0x00007ffed5555000 	C:\Windows\System32\shlwapi.dll
0x00007ffed4a70000 - 0x00007ffed4a8f000 	C:\Windows\SYSTEM32\profapi.dll

dbghelp: loaded successfully - version: 4.0.5 - missing functions: none
symbol engine: initialized successfully - sym options: 0x614 - pdb path: .;C:\Program Files\Java\jdk-17.0.2\bin;C:\Windows\SYSTEM32;C:\Windows\WinSxS\amd64_microsoft.windows.common-controls_6595b64144ccf1df_6.0.19041.1110_none_60b5254171f9507e;C:\Program Files\Java\jdk-17.0.2\bin\server

VM Arguments:
jvm_args: -Dfile.encoding=UTF-8 --module-path=C:\Users\hp\Desktop\P6-GroupAssignment\CSCUMP6-Assignment\build\classes 
java_command: SAAMS.Main
java_class_path (initial): C:\Users\hp\Desktop\P6-GroupAssignment\CSCUMP6-Assignment\build\classes
Launcher Type: SUN_STANDARD

[Global flags]
     intx CICompilerCount                          = 4                                         {product} {ergonomic}
     uint ConcGCThreads                            = 2                                         {product} {ergonomic}
     uint G1ConcRefinementThreads                  = 8                                         {product} {ergonomic}
   size_t G1HeapRegionSize                         = 1048576                                   {product} {ergonomic}
    uintx GCDrainStackTargetSize                   = 64                                        {product} {ergonomic}
   size_t InitialHeapSize                          = 67108864                                  {product} {ergonomic}
   size_t MarkStackSize                            = 4194304                                   {product} {ergonomic}
   size_t MaxHeapSize                              = 1044381696                                {product} {ergonomic}
   size_t MaxNewSize                               = 625999872                                 {product} {ergonomic}
   size_t MinHeapDeltaBytes                        = 1048576                                   {product} {ergonomic}
   size_t MinHeapSize                              = 8388608                                   {product} {ergonomic}
    uintx NonNMethodCodeHeapSize                   = 5839372                                {pd product} {ergonomic}
    uintx NonProfiledCodeHeapSize                  = 122909434                              {pd product} {ergonomic}
    uintx ProfiledCodeHeapSize                     = 122909434                              {pd product} {ergonomic}
    uintx ReservedCodeCacheSize                    = 251658240                              {pd product} {ergonomic}
     bool SegmentedCodeCache                       = true                                      {product} {ergonomic}
   size_t SoftMaxHeapSize                          = 1044381696                             {manageable} {ergonomic}
     bool UseCompressedClassPointers               = true                           {product lp64_product} {ergonomic}
     bool UseCompressedOops                        = true                           {product lp64_product} {ergonomic}
     bool UseG1GC                                  = true                                      {product} {ergonomic}
     bool UseLargePagesIndividualAllocation        = false                                  {pd product} {ergonomic}

Logging:
Log output configuration:
 #0: stdout all=warning uptime,level,tags
 #1: stderr all=off uptime,level,tags

Environment Variables:
PATH=C:\Program Files\Common Files\Oracle\Java\javapath;C:\Windows\system32;C:\Windows;C:\Windows\System32\Wbem;C:\Windows\System32\WindowsPowerShell\v1.0\;C:\Windows\System32\OpenSSH\;C:\MinGW\bin;C:\MinGW\msys\1.0\bin;C:\src\flutter\bin;C:\src\flutter\bin;C:\Users\hp\AppData\Local\Programs\Microsoft VS Code\bin
USERNAME=hp
OS=Windows_NT
PROCESSOR_IDENTIFIER=Intel64 Family 6 Model 142 Stepping 12, GenuineIntel



---------------  S Y S T E M  ---------------

OS:
 Windows 10 , 64 bit Build 19041 (10.0.19041.1023)
OS uptime: 0 days 3:14 hours

CPU: total 8 (initial active 8) (4 cores per cpu, 2 threads per core) family 6 model 142 stepping 12 microcode 0xb8, cx8, cmov, fxsr, ht, mmx, 3dnowpref, sse, sse2, sse3, ssse3, sse4.1, sse4.2, popcnt, lzcnt, tsc, tscinvbit, avx, avx2, aes, erms, clmul, bmi1, bmi2, adx, fma, vzeroupper, clflush, clflushopt

Memory: 4k page, system-wide physical 3982M (597M free)
TotalPageFile size 16270M (AvailPageFile size 4M)
current process WorkingSet (physical memory assigned to process): 27M, peak: 27M
current process commit charge ("private bytes"): 142M, peak: 142M

vm_info: Java HotSpot(TM) 64-Bit Server VM (17.0.2+8-LTS-86) for windows-amd64 JRE (17.0.2+8-LTS-86), built on Dec  7 2021 21:51:03 by "mach5one" with MS VC++ 16.8 / 16.9 (VS2019)

END.
