#
# There is insufficient memory for the Java Runtime Environment to continue.
# Native memory allocation (mmap) failed to map 67108864 bytes for G1 virtual space
# Possible reasons:
#   The system is out of physical RAM or swap space
#   The process is running with CompressedOops enabled, and the Java Heap may be blocking the growth of the native heap
# Possible solutions:
#   Reduce memory load on the system
#   Increase physical memory or swap space
#   Check if swap backing store is full
#   Decrease Java heap size (-Xmx/-Xms)
#   Decrease number of Java threads
#   Decrease Java thread stack sizes (-Xss)
#   Set larger code cache with -XX:ReservedCodeCacheSize=
#   JVM is running with Unscaled Compressed Oops mode in which the Java heap is
#     placed in the first 4GB address space. The Java Heap base address is the
#     maximum limit for the native heap growth. Please use -XX:HeapBaseMinAddress
#     to set the Java Heap base and to place the Java Heap above 4GB virtual address.
# This output file may be truncated or incomplete.
#
#  Out of Memory Error (os_windows.cpp:3532), pid=17952, tid=7084
#
# JRE version:  (17.0.2+8) (build )
# Java VM: Java HotSpot(TM) 64-Bit Server VM (17.0.2+8-LTS-86, mixed mode, sharing, tiered, compressed oops, compressed class ptrs, g1 gc, windows-amd64)
# No core dump will be written. Minidumps are not enabled by default on client versions of Windows
#

---------------  S U M M A R Y ------------

Command Line: -Dfile.encoding=UTF-8 --module-path=C:\Users\hp\Desktop\P6-GroupAssignment\CSCUMP6-Assignment\build\classes SAAMS.Main

Host: Intel(R) Core(TM) i5-8265U CPU @ 1.60GHz, 8 cores, 3G,  Windows 10 , 64 bit Build 19041 (10.0.19041.1023)
Time: Sat Mar 12 20:00:58 2022 Arabian Standard Time elapsed time: 0.143390 seconds (0d 0h 0m 0s)

---------------  T H R E A D  ---------------

Current thread (0x00000151b4aeae30):  JavaThread "Unknown thread" [_thread_in_vm, id=7084, stack(0x0000001ce2f00000,0x0000001ce3000000)]

Stack: [0x0000001ce2f00000,0x0000001ce3000000]
Native frames: (J=compiled Java code, j=interpreted, Vv=VM code, C=native code)
V  [jvm.dll+0x670baa]
V  [jvm.dll+0x7cfcb4]
V  [jvm.dll+0x7d145e]
V  [jvm.dll+0x7d1ac3]
V  [jvm.dll+0x242bc5]
V  [jvm.dll+0x66dac9]
V  [jvm.dll+0x662412]
V  [jvm.dll+0x300c0b]
V  [jvm.dll+0x3081a6]
V  [jvm.dll+0x357d0e]
V  [jvm.dll+0x357f3f]
V  [jvm.dll+0x2d7ec8]
V  [jvm.dll+0x2d8e34]
V  [jvm.dll+0x7a18c1]
V  [jvm.dll+0x365a91]
V  [jvm.dll+0x780d2c]
V  [jvm.dll+0x3e845f]
V  [jvm.dll+0x3e9f01]
C  [jli.dll+0x527b]
C  [ucrtbase.dll+0x21bb2]
C  [KERNEL32.DLL+0x17034]
C  [ntdll.dll+0x52651]


---------------  P R O C E S S  ---------------

Threads class SMR info:
_java_thread_list=0x00007fff46cb9858, length=0, elements={
}

Java Threads: ( => current thread )

Other Threads:
  0x00000151b4b189f0 GCTaskThread "GC Thread#0" [stack: 0x0000001ce3000000,0x0000001ce3100000] [id=19704]
  0x00000151b4b229c0 ConcurrentGCThread "G1 Main Marker" [stack: 0x0000001ce3100000,0x0000001ce3200000] [id=23252]
  0x00000151b4b233d0 ConcurrentGCThread "G1 Conc#0" [stack: 0x0000001ce3200000,0x0000001ce3300000] [id=11360]

[error occurred during error reporting (printing all threads), id 0xc0000005, EXCEPTION_ACCESS_VIOLATION (0xc0000005) at pc=0x00007fff465088a7]

VM state: not at safepoint (not fully initialized)

VM Mutex/Monitor currently owned by a thread:  ([mutex/lock_event])
[0x00000151b4ae69a0] Heap_lock - owner thread: 0x00000151b4aeae30

Heap address: 0x00000000c1c00000, size: 996 MB, Compressed Oops mode: 32-bit

CDS archive(s) mapped at: [0x0000000000000000-0x0000000000000000-0x0000000000000000), size 0, SharedBaseAddress: 0x0000000800000000, ArchiveRelocationMode: 0.
Narrow klass base: 0x0000000000000000, Narrow klass shift: 0, Narrow klass range: 0x0

GC Precious Log:
<Empty>

Heap:
 garbage-first heap   total 0K, used 0K [0x00000000c1c00000, 0x0000000100000000)
  region size 1024K, 0 young (0K), 0 survivors (0K)

[error occurred during error reporting (printing heap information), id 0xc0000005, EXCEPTION_ACCESS_VIOLATION (0xc0000005) at pc=0x00007fff468e9f19]

GC Heap History (0 events):
No events

Deoptimization events (0 events):
No events

Classes unloaded (0 events):
No events

Classes redefined (0 events):
No events

Internal exceptions (0 events):
No events

VM Operations (0 events):
No events

Events (1 events):
Event: 0.014 Loaded shared library C:\Program Files\Java\jdk-17.0.2\bin\java.dll


Dynamic libraries:
0x00007ff7f9b50000 - 0x00007ff7f9b60000 	C:\Program Files\Java\jdk-17.0.2\bin\java.exe
0x00007fffc5590000 - 0x00007fffc5785000 	C:\Windows\SYSTEM32\ntdll.dll
0x00007fffc3d50000 - 0x00007fffc3e0d000 	C:\Windows\System32\KERNEL32.DLL
0x00007fffc2f90000 - 0x00007fffc3259000 	C:\Windows\System32\KERNELBASE.dll
0x00007fffc3260000 - 0x00007fffc3360000 	C:\Windows\System32\ucrtbase.dll
0x00007fff96520000 - 0x00007fff9653a000 	C:\Program Files\Java\jdk-17.0.2\bin\VCRUNTIME140.dll
0x00007fff89770000 - 0x00007fff89788000 	C:\Program Files\Java\jdk-17.0.2\bin\jli.dll
0x00007fffc4ce0000 - 0x00007fffc4d8c000 	C:\Windows\System32\ADVAPI32.dll
0x00007fffc3700000 - 0x00007fffc379e000 	C:\Windows\System32\msvcrt.dll
0x00007fffc3660000 - 0x00007fffc36fb000 	C:\Windows\System32\sechost.dll
0x00007fffc40a0000 - 0x00007fffc41ca000 	C:\Windows\System32\RPCRT4.dll
0x00007fffc41d0000 - 0x00007fffc4370000 	C:\Windows\System32\USER32.dll
0x00007fffc3360000 - 0x00007fffc3382000 	C:\Windows\System32\win32u.dll
0x00007fffaa520000 - 0x00007fffaa7ba000 	C:\Windows\WinSxS\amd64_microsoft.windows.common-controls_6595b64144ccf1df_6.0.19041.1110_none_60b5254171f9507e\COMCTL32.dll
0x00007fffc3d20000 - 0x00007fffc3d4a000 	C:\Windows\System32\GDI32.dll
0x00007fffc3430000 - 0x00007fffc353b000 	C:\Windows\System32\gdi32full.dll
0x00007fffc3390000 - 0x00007fffc342d000 	C:\Windows\System32\msvcp_win.dll
0x00007fffbbe50000 - 0x00007fffbbe5a000 	C:\Windows\SYSTEM32\VERSION.dll
0x00007fffc4fb0000 - 0x00007fffc4fe0000 	C:\Windows\System32\IMM32.DLL
0x00007fffbc9b0000 - 0x00007fffbc9bc000 	C:\Program Files\Java\jdk-17.0.2\bin\vcruntime140_1.dll
0x00007fff893e0000 - 0x00007fff8946d000 	C:\Program Files\Java\jdk-17.0.2\bin\msvcp140.dll
0x00007fff46220000 - 0x00007fff46de1000 	C:\Program Files\Java\jdk-17.0.2\bin\server\jvm.dll
0x00007fffc4ed0000 - 0x00007fffc4ed8000 	C:\Windows\System32\PSAPI.DLL
0x00007fffa5310000 - 0x00007fffa5319000 	C:\Windows\SYSTEM32\WSOCK32.dll
0x00007fffc4370000 - 0x00007fffc43db000 	C:\Windows\System32\WS2_32.dll
0x00007fffa95e0000 - 0x00007fffa9607000 	C:\Windows\SYSTEM32\WINMM.dll
0x00007fffc15e0000 - 0x00007fffc15f2000 	C:\Windows\SYSTEM32\kernel.appcore.dll
0x00007fff96510000 - 0x00007fff9651a000 	C:\Program Files\Java\jdk-17.0.2\bin\jimage.dll
0x00007fffc1250000 - 0x00007fffc1434000 	C:\Windows\SYSTEM32\DBGHELP.DLL
0x00007fffa42b0000 - 0x00007fffa42dc000 	C:\Windows\SYSTEM32\dbgcore.DLL
0x00007fffc3540000 - 0x00007fffc35c3000 	C:\Windows\System32\bcryptPrimitives.dll
0x00007fff8ebe0000 - 0x00007fff8ec05000 	C:\Program Files\Java\jdk-17.0.2\bin\java.dll

dbghelp: loaded successfully - version: 4.0.5 - missing functions: none
symbol engine: initialized successfully - sym options: 0x614 - pdb path: .;C:\Program Files\Java\jdk-17.0.2\bin;C:\Windows\SYSTEM32;C:\Windows\WinSxS\amd64_microsoft.windows.common-controls_6595b64144ccf1df_6.0.19041.1110_none_60b5254171f9507e;C:\Program Files\Java\jdk-17.0.2\bin\server

VM Arguments:
jvm_args: -Dfile.encoding=UTF-8 --module-path=C:\Users\hp\Desktop\P6-GroupAssignment\CSCUMP6-Assignment\build\classes 
java_command: SAAMS.Main
java_class_path (initial): C:\Users\hp\Desktop\P6-GroupAssignment\CSCUMP6-Assignment\build\classes
Launcher Type: SUN_STANDARD

[Global flags]
     intx CICompilerCount                          = 4                                         {product} {ergonomic}
     uint ConcGCThreads                            = 2                                         {product} {ergonomic}
     uint G1ConcRefinementThreads                  = 8                                         {product} {ergonomic}
   size_t G1HeapRegionSize                         = 1048576                                   {product} {ergonomic}
    uintx GCDrainStackTargetSize                   = 64                                        {product} {ergonomic}
   size_t InitialHeapSize                          = 67108864                                  {product} {ergonomic}
   size_t MarkStackSize                            = 4194304                                   {product} {ergonomic}
   size_t MaxHeapSize                              = 1044381696                                {product} {ergonomic}
   size_t MinHeapDeltaBytes                        = 1048576                                   {product} {ergonomic}
   size_t MinHeapSize                              = 8388608                                   {product} {ergonomic}
    uintx NonNMethodCodeHeapSize                   = 5839372                                {pd product} {ergonomic}
    uintx NonProfiledCodeHeapSize                  = 122909434                              {pd product} {ergonomic}
    uintx ProfiledCodeHeapSize                     = 122909434                              {pd product} {ergonomic}
    uintx ReservedCodeCacheSize                    = 251658240                              {pd product} {ergonomic}
     bool SegmentedCodeCache                       = true                                      {product} {ergonomic}
   size_t SoftMaxHeapSize                          = 1044381696                             {manageable} {ergonomic}
     bool UseCompressedClassPointers               = true                           {product lp64_product} {ergonomic}
     bool UseCompressedOops                        = true                           {product lp64_product} {ergonomic}
     bool UseG1GC                                  = true                                      {product} {ergonomic}
     bool UseLargePagesIndividualAllocation        = false                                  {pd product} {ergonomic}

Logging:
Log output configuration:
 #0: stdout all=warning uptime,level,tags
 #1: stderr all=off uptime,level,tags

Environment Variables:
PATH=C:\Program Files\Common Files\Oracle\Java\javapath;C:\Windows\system32;C:\Windows;C:\Windows\System32\Wbem;C:\Windows\System32\WindowsPowerShell\v1.0\;C:\Windows\System32\OpenSSH\;C:\MinGW\bin;C:\MinGW\msys\1.0\bin;C:\src\flutter\bin;C:\src\flutter\bin;C:\Users\hp\AppData\Local\Programs\Microsoft VS Code\bin
USERNAME=hp
OS=Windows_NT
PROCESSOR_IDENTIFIER=Intel64 Family 6 Model 142 Stepping 12, GenuineIntel



---------------  S Y S T E M  ---------------

OS:
 Windows 10 , 64 bit Build 19041 (10.0.19041.1023)
OS uptime: 4 days 2:48 hours

CPU: total 8 (initial active 8) (4 cores per cpu, 2 threads per core) family 6 model 142 stepping 12 microcode 0xb8, cx8, cmov, fxsr, ht, mmx, 3dnowpref, sse, sse2, sse3, ssse3, sse4.1, sse4.2, popcnt, lzcnt, tsc, tscinvbit, avx, avx2, aes, erms, clmul, bmi1, bmi2, adx, fma, vzeroupper, clflush, clflushopt

Memory: 4k page, system-wide physical 3982M (328M free)
TotalPageFile size 16270M (AvailPageFile size 13M)
current process WorkingSet (physical memory assigned to process): 10M, peak: 10M
current process commit charge ("private bytes"): 59M, peak: 123M

vm_info: Java HotSpot(TM) 64-Bit Server VM (17.0.2+8-LTS-86) for windows-amd64 JRE (17.0.2+8-LTS-86), built on Dec  7 2021 21:51:03 by "mach5one" with MS VC++ 16.8 / 16.9 (VS2019)

END.
